{"/Users/paulascottodiminico/Development/Drone/AeroVision/src/store/usePositionDroneStore.ts": {"path":"/Users/paulascottodiminico/Development/Drone/AeroVision/src/store/usePositionDroneStore.ts","statementMap":{"0":{"start":{"line":9,"column":37},"end":{"line":37,"column":2}},"1":{"start":{"line":10,"column":28},"end":{"line":14,"column":3}},"2":{"start":{"line":16,"column":25},"end":{"line":16,"column":41}},"3":{"start":{"line":20,"column":6},"end":{"line":20,"column":22}},"4":{"start":{"line":21,"column":6},"end":{"line":21,"column":21}},"5":{"start":{"line":22,"column":6},"end":{"line":22,"column":41}},"6":{"start":{"line":25,"column":6},"end":{"line":25,"column":30}},"7":{"start":{"line":28,"column":6},"end":{"line":28,"column":28}},"8":{"start":{"line":31,"column":6},"end":{"line":31,"column":37}},"9":{"start":{"line":34,"column":6},"end":{"line":34,"column":37}}},"fnMap":{"0":{"name":"(anonymous_0)","decl":{"start":{"line":10,"column":9},"end":{"line":10,"column":10}},"loc":{"start":{"line":10,"column":28},"end":{"line":14,"column":3}},"line":10},"1":{"name":"(anonymous_1)","decl":{"start":{"line":16,"column":14},"end":{"line":16,"column":15}},"loc":{"start":{"line":16,"column":25},"end":{"line":16,"column":41}},"line":16},"2":{"name":"(anonymous_2)","decl":{"start":{"line":19,"column":4},"end":{"line":19,"column":5}},"loc":{"start":{"line":19,"column":17},"end":{"line":23,"column":5}},"line":19},"3":{"name":"(anonymous_3)","decl":{"start":{"line":24,"column":4},"end":{"line":24,"column":5}},"loc":{"start":{"line":24,"column":36},"end":{"line":26,"column":5}},"line":24},"4":{"name":"(anonymous_4)","decl":{"start":{"line":27,"column":4},"end":{"line":27,"column":5}},"loc":{"start":{"line":27,"column":34},"end":{"line":29,"column":5}},"line":27},"5":{"name":"(anonymous_5)","decl":{"start":{"line":30,"column":4},"end":{"line":30,"column":5}},"loc":{"start":{"line":30,"column":42},"end":{"line":32,"column":5}},"line":30},"6":{"name":"(anonymous_6)","decl":{"start":{"line":33,"column":4},"end":{"line":33,"column":5}},"loc":{"start":{"line":33,"column":42},"end":{"line":35,"column":5}},"line":33}},"branchMap":{},"s":{"0":1,"1":1,"2":0,"3":1,"4":1,"5":1,"6":1,"7":1,"8":1,"9":1},"f":{"0":1,"1":0,"2":1,"3":1,"4":1,"5":1,"6":1},"b":{},"_coverageSchema":"1a1c01bbd47fc00a2c39e90264f33305004495a9","hash":"a1d8e4a115691cd38ac78c803ee473526449d478"}
}
